# JRE version: OpenJDK Runtime Environment Temurin-17.0.8+7 (17.0.8+7) (build 17.0.8+7)
# Java VM: OpenJDK 64-Bit Server VM Temurin-17.0.8+7 (17.0.8+7, mixed mode, tiered, compressed oops, compressed class ptrs, g1 gc, windows-amd64)
GC Precious Log:
 CPUs: 12 total, 12 available
 Memory: 6005M
 Large Page Support: Disabled
 NUMA Support: Disabled
 Compressed Oops: Enabled (32-bit)
 Heap Region Size: 1M
 Heap Min Capacity: 8M
 Heap Initial Capacity: 94M
 Heap Max Capacity: 1502M
 Pre-touch: Disabled
 Parallel Workers: 10
 Concurrent Workers: 3
 Concurrent Refinement Workers: 10
 Periodic GC: Disabled
Heap:
 garbage-first heap   total 153600K, used 102636K [0x00000000a2200000, 0x0000000100000000)
  region size 1024K, 16 young (16384K), 1 survivors (1024K)
 Metaspace       used 15624K, committed 15744K, reserved 1114112K
  class space    used 1549K, committed 1600K, reserved 1048576K
GC Heap History (6 events):
Event: 3.499 GC heap before
{Heap before GC invocations=0 (full 0):
 garbage-first heap   total 96256K, used 35840K [0x00000000a2200000, 0x0000000100000000)
  region size 1024K, 19 young (19456K), 0 survivors (0K)
 Metaspace       used 14815K, committed 14976K, reserved 1114112K
  class space    used 1489K, committed 1536K, reserved 1048576K
}
Event: 3.510 GC heap after
{Heap after GC invocations=1 (full 0):
 garbage-first heap   total 96256K, used 20692K [0x00000000a2200000, 0x0000000100000000)
  region size 1024K, 3 young (3072K), 3 survivors (3072K)
 Metaspace       used 14815K, committed 14976K, reserved 1114112K
  class space    used 1489K, committed 1536K, reserved 1048576K
}
Event: 3.719 GC heap before
{Heap before GC invocations=1 (full 0):
 garbage-first heap   total 145408K, used 116948K [0x00000000a2200000, 0x0000000100000000)
  region size 1024K, 31 young (31744K), 3 survivors (3072K)
 Metaspace       used 14817K, committed 14976K, reserved 1114112K
  class space    used 1489K, committed 1536K, reserved 1048576K
}
Event: 3.722 GC heap after
{Heap after GC invocations=2 (full 0):
 garbage-first heap   total 145408K, used 89405K [0x00000000a2200000, 0x0000000100000000)
  region size 1024K, 1 young (1024K), 1 survivors (1024K)
 Metaspace       used 14817K, committed 14976K, reserved 1114112K
  class space    used 1489K, committed 1536K, reserved 1048576K
}
Event: 3.893 GC heap before
{Heap before GC invocations=2 (full 0):
 garbage-first heap   total 145408K, used 119101K [0x00000000a2200000, 0x0000000100000000)
  region size 1024K, 30 young (30720K), 1 survivors (1024K)
 Metaspace       used 14817K, committed 14976K, reserved 1114112K
  class space    used 1489K, committed 1536K, reserved 1048576K
}
Event: 3.894 GC heap after
{Heap after GC invocations=3 (full 0):
 garbage-first heap   total 145408K, used 89324K [0x00000000a2200000, 0x0000000100000000)
  region size 1024K, 1 young (1024K), 1 survivors (1024K)
 Metaspace       used 14817K, committed 14976K, reserved 1114112K
  class space    used 1489K, committed 1536K, reserved 1048576K
}

